Determining if the pthread_create exist failed with the following output:
Change Dir: /home/carl/ros_ws/sandbox/lcm_bridge/build/CMakeFiles/CMakeTmp

Run Build Command:/usr/bin/make "cmTryCompileExec35579647/fast"
make[1]: Entering directory `/home/carl/ros_ws/sandbox/lcm_bridge/build/CMakeFiles/CMakeTmp'
/usr/bin/make -f CMakeFiles/cmTryCompileExec35579647.dir/build.make CMakeFiles/cmTryCompileExec35579647.dir/build
make[2]: Entering directory `/home/carl/ros_ws/sandbox/lcm_bridge/build/CMakeFiles/CMakeTmp'
/usr/bin/cmake -E cmake_progress_report /home/carl/ros_ws/sandbox/lcm_bridge/build/CMakeFiles/CMakeTmp/CMakeFiles 1
Building C object CMakeFiles/cmTryCompileExec35579647.dir/CheckSymbolExists.c.o
/usr/bin/cc    -o CMakeFiles/cmTryCompileExec35579647.dir/CheckSymbolExists.c.o   -c /home/carl/ros_ws/sandbox/lcm_bridge/build/CMakeFiles/CMakeTmp/CheckSymbolExists.c
Linking C executable cmTryCompileExec35579647
/usr/bin/cmake -E cmake_link_script CMakeFiles/cmTryCompileExec35579647.dir/link.txt --verbose=1
/usr/bin/cc         CMakeFiles/cmTryCompileExec35579647.dir/CheckSymbolExists.c.o  -o cmTryCompileExec35579647 -rdynamic 
CMakeFiles/cmTryCompileExec35579647.dir/CheckSymbolExists.c.o: In function `main':
CheckSymbolExists.c:(.text+0x16): undefined reference to `pthread_create'
collect2: error: ld returned 1 exit status
make[2]: *** [cmTryCompileExec35579647] Error 1
make[2]: Leaving directory `/home/carl/ros_ws/sandbox/lcm_bridge/build/CMakeFiles/CMakeTmp'
make[1]: *** [cmTryCompileExec35579647/fast] Error 2
make[1]: Leaving directory `/home/carl/ros_ws/sandbox/lcm_bridge/build/CMakeFiles/CMakeTmp'

File /home/carl/ros_ws/sandbox/lcm_bridge/build/CMakeFiles/CMakeTmp/CheckSymbolExists.c:
/* */
#include <pthread.h>

int main(int argc, char** argv)
{
  (void)argv;
#ifndef pthread_create
  return ((int*)(&pthread_create))[argc];
#else
  (void)argc;
  return 0;
#endif
}

Determining if the function pthread_create exists in the pthreads failed with the following output:
Change Dir: /home/carl/ros_ws/sandbox/lcm_bridge/build/CMakeFiles/CMakeTmp

Run Build Command:/usr/bin/make "cmTryCompileExec3212036402/fast"
make[1]: Entering directory `/home/carl/ros_ws/sandbox/lcm_bridge/build/CMakeFiles/CMakeTmp'
/usr/bin/make -f CMakeFiles/cmTryCompileExec3212036402.dir/build.make CMakeFiles/cmTryCompileExec3212036402.dir/build
make[2]: Entering directory `/home/carl/ros_ws/sandbox/lcm_bridge/build/CMakeFiles/CMakeTmp'
/usr/bin/cmake -E cmake_progress_report /home/carl/ros_ws/sandbox/lcm_bridge/build/CMakeFiles/CMakeTmp/CMakeFiles 1
Building C object CMakeFiles/cmTryCompileExec3212036402.dir/CheckFunctionExists.c.o
/usr/bin/cc   -DCHECK_FUNCTION_EXISTS=pthread_create   -o CMakeFiles/cmTryCompileExec3212036402.dir/CheckFunctionExists.c.o   -c /usr/share/cmake-2.8/Modules/CheckFunctionExists.c
Linking C executable cmTryCompileExec3212036402
/usr/bin/cmake -E cmake_link_script CMakeFiles/cmTryCompileExec3212036402.dir/link.txt --verbose=1
/usr/bin/cc     -DCHECK_FUNCTION_EXISTS=pthread_create    CMakeFiles/cmTryCompileExec3212036402.dir/CheckFunctionExists.c.o  -o cmTryCompileExec3212036402 -rdynamic -lpthreads 
/usr/bin/ld: cannot find -lpthreads
collect2: error: ld returned 1 exit status
make[2]: *** [cmTryCompileExec3212036402] Error 1
make[2]: Leaving directory `/home/carl/ros_ws/sandbox/lcm_bridge/build/CMakeFiles/CMakeTmp'
make[1]: Leaving directory `/home/carl/ros_ws/sandbox/lcm_bridge/build/CMakeFiles/CMakeTmp'
make[1]: *** [cmTryCompileExec3212036402/fast] Error 2


